android/app/build/intermediates/manifest_merge_blame_file/debug/manifest-merger-blame-debug-report.txt
1<?xml version="1.0" encoding="utf-8"?>
2<manifest xmlns:android="http://schemas.android.com/apk/res/android"
3    package="com.ninasoft.vipbillionaires"
4    android:versionCode="1"
5    android:versionName="1.0" >
6
7    <uses-sdk
8        android:minSdkVersion="21"
8-->src/main/AndroidManifest.xml
9        android:targetSdkVersion="31" />
9-->src/main/AndroidManifest.xml
10
11    <uses-permission android:name="android.permission.INTERNET" />
11-->src/main/AndroidManifest.xml:4:3-64
11-->src/main/AndroidManifest.xml:4:20-62
12    <uses-permission android:name="android.permission.CAMERA" />
12-->src/main/AndroidManifest.xml:5:3-62
12-->src/main/AndroidManifest.xml:5:20-60
13    <uses-permission android:name="android.permission.READ_EXTERNAL_STORAGE" />
13-->src/main/AndroidManifest.xml:6:3-77
13-->src/main/AndroidManifest.xml:6:20-75
14    <uses-permission android:name="android.permission.WRITE_EXTERNAL_STORAGE" />
14-->src/main/AndroidManifest.xml:7:3-78
14-->src/main/AndroidManifest.xml:7:20-76
15
16    <uses-feature
16-->src/main/AndroidManifest.xml:8:3-82
17        android:name="android.hardware.camera"
17-->src/main/AndroidManifest.xml:8:17-55
18        android:required="false" />
18-->src/main/AndroidManifest.xml:8:56-80
19    <uses-feature
19-->src/main/AndroidManifest.xml:9:3-88
20        android:name="android.hardware.camera.front"
20-->src/main/AndroidManifest.xml:9:17-61
21        android:required="false" />
21-->src/main/AndroidManifest.xml:9:62-86
22
23    <uses-permission android:name="android.permission.ACCESS_WIFI_STATE" />
23-->[com.facebook.flipper:flipper:0.125.0] AndroidManifest.xml:16:5-76
23-->[com.facebook.flipper:flipper:0.125.0] AndroidManifest.xml:16:22-73
24    <uses-permission android:name="android.permission.ACCESS_NETWORK_STATE" />
24-->[:react-native-community_netinfo] AndroidManifest.xml:9:5-79
24-->[:react-native-community_netinfo] AndroidManifest.xml:9:22-76
25    <uses-permission android:name="android.permission.WAKE_LOCK" /> <!-- Required for react-native-email-link on Android 30+ -->
25-->[:react-native-firebase_auth] AndroidManifest.xml:10:5-68
25-->[:react-native-firebase_auth] AndroidManifest.xml:10:22-65
26    <queries>
26-->[:react-native-email-link] AndroidManifest.xml:9:5-15:15
27        <intent>
27-->[:react-native-email-link] AndroidManifest.xml:10:9-14:18
28            <action android:name="android.intent.action.VIEW" />
28-->src/main/AndroidManifest.xml:32:9-60
28-->src/main/AndroidManifest.xml:32:17-58
29
30            <data android:scheme="mailto" />
30-->src/main/AndroidManifest.xml:35:9-37:37
30-->src/main/AndroidManifest.xml:37:13-35
31        </intent>
32        <intent>
32-->[:react-native-image-crop-picker] AndroidManifest.xml:10:9-12:18
33            <action android:name="android.media.action.IMAGE_CAPTURE" />
33-->[:react-native-image-crop-picker] AndroidManifest.xml:11:13-73
33-->[:react-native-image-crop-picker] AndroidManifest.xml:11:21-70
34        </intent>
35    </queries> <!-- Required to access Google Play Licensing -->
36    <uses-permission android:name="com.android.vending.CHECK_LICENSE" />
36-->[:rn-fetch-blob] AndroidManifest.xml:10:5-73
36-->[:rn-fetch-blob] AndroidManifest.xml:10:22-70
37    <uses-permission android:name="android.permission.RECORD_AUDIO" />
37-->[:react-native-audio-record] AndroidManifest.xml:9:5-71
37-->[:react-native-audio-record] AndroidManifest.xml:9:22-68
38    <uses-permission android:name="android.permission.POST_NOTIFICATIONS" /> <!-- Required by older versions of Google Play services to create IID tokens -->
38-->[com.google.firebase:firebase-messaging:23.1.0] AndroidManifest.xml:25:5-77
38-->[com.google.firebase:firebase-messaging:23.1.0] AndroidManifest.xml:25:22-74
39    <uses-permission android:name="com.google.android.c2dm.permission.RECEIVE" />
39-->[com.google.firebase:firebase-messaging:23.1.0] AndroidManifest.xml:28:5-82
39-->[com.google.firebase:firebase-messaging:23.1.0] AndroidManifest.xml:28:22-79
40    <uses-permission android:name="com.google.android.finsky.permission.BIND_GET_INSTALL_REFERRER_SERVICE" />
40-->[com.android.installreferrer:installreferrer:1.1.2] AndroidManifest.xml:9:5-110
40-->[com.android.installreferrer:installreferrer:1.1.2] AndroidManifest.xml:9:22-107
41
42    <application
42-->src/main/AndroidManifest.xml:11:3-47:17
43        android:name="com.ninasoft.vipbillionaires.MainApplication"
43-->src/main/AndroidManifest.xml:12:7-66
44        android:allowBackup="false"
44-->src/main/AndroidManifest.xml:16:7-34
45        android:appComponentFactory="androidx.core.app.CoreComponentFactory"
45-->[androidx.core:core:1.7.0] AndroidManifest.xml:24:18-86
46        android:debuggable="true"
47        android:icon="@mipmap/ic_launcher"
47-->src/main/AndroidManifest.xml:14:7-41
48        android:label="@string/app_name"
48-->src/main/AndroidManifest.xml:13:7-39
49        android:requestLegacyExternalStorage="true"
49-->src/main/AndroidManifest.xml:18:7-50
50        android:roundIcon="@mipmap/ic_launcher_round"
50-->src/main/AndroidManifest.xml:15:7-52
51        android:theme="@style/AppTheme"
51-->src/main/AndroidManifest.xml:19:7-38
52        android:usesCleartextTraffic="true" >
52-->src/main/AndroidManifest.xml:17:7-42
53        <meta-data
53-->src/main/AndroidManifest.xml:21:5-22:57
54            android:name="com.facebook.sdk.ApplicationId"
54-->src/main/AndroidManifest.xml:21:16-61
55            android:value="@string/facebook_app_id" />
55-->src/main/AndroidManifest.xml:22:16-55
56
57        <activity
57-->src/main/AndroidManifest.xml:23:5-46:16
58            android:name="com.ninasoft.vipbillionaires.MainActivity"
58-->src/main/AndroidManifest.xml:24:9-65
59            android:configChanges="keyboard|keyboardHidden|orientation|screenLayout|screenSize|smallestScreenSize|uiMode"
59-->src/main/AndroidManifest.xml:26:9-118
60            android:exported="true"
60-->src/main/AndroidManifest.xml:30:9-32
61            android:label="@string/app_name"
61-->src/main/AndroidManifest.xml:25:9-41
62            android:launchMode="singleTask"
62-->src/main/AndroidManifest.xml:27:9-40
63            android:screenOrientation="portrait"
63-->src/main/AndroidManifest.xml:28:9-45
64            android:windowSoftInputMode="adjustResize" >
64-->src/main/AndroidManifest.xml:29:9-51
65            <intent-filter>
65-->src/main/AndroidManifest.xml:31:7-41:23
66                <action android:name="android.intent.action.VIEW" />
66-->src/main/AndroidManifest.xml:32:9-60
66-->src/main/AndroidManifest.xml:32:17-58
67
68                <category android:name="android.intent.category.DEFAULT" />
68-->src/main/AndroidManifest.xml:33:9-67
68-->src/main/AndroidManifest.xml:33:19-65
69                <category android:name="android.intent.category.BROWSABLE" />
69-->src/main/AndroidManifest.xml:34:9-69
69-->src/main/AndroidManifest.xml:34:19-67
70
71                <data
71-->src/main/AndroidManifest.xml:35:9-37:37
72                    android:host="vipbbillionaires.page.link"
72-->src/main/AndroidManifest.xml:36:13-54
73                    android:scheme="https" />
73-->src/main/AndroidManifest.xml:37:13-35
74                <data
74-->src/main/AndroidManifest.xml:35:9-37:37
75                    android:host="vipbbillionaires.page.link"
75-->src/main/AndroidManifest.xml:36:13-54
76                    android:scheme="http" />
76-->src/main/AndroidManifest.xml:37:13-35
77            </intent-filter>
78            <intent-filter>
78-->src/main/AndroidManifest.xml:42:7-45:23
79                <action android:name="android.intent.action.MAIN" />
79-->src/main/AndroidManifest.xml:43:9-60
79-->src/main/AndroidManifest.xml:43:17-58
80
81                <category android:name="android.intent.category.LAUNCHER" />
81-->src/main/AndroidManifest.xml:44:9-68
81-->src/main/AndroidManifest.xml:44:19-66
82            </intent-filter>
83        </activity>
84
85        <service
85-->[:react-native-firebase_messaging] AndroidManifest.xml:14:9-16:40
86            android:name="io.invertase.firebase.messaging.ReactNativeFirebaseMessagingHeadlessService"
86-->[:react-native-firebase_messaging] AndroidManifest.xml:15:13-103
87            android:exported="false" />
87-->[:react-native-firebase_messaging] AndroidManifest.xml:16:13-37
88        <service
88-->[:react-native-firebase_messaging] AndroidManifest.xml:17:9-23:19
89            android:name="io.invertase.firebase.messaging.ReactNativeFirebaseMessagingService"
89-->[:react-native-firebase_messaging] AndroidManifest.xml:18:13-95
90            android:exported="false" >
90-->[:react-native-firebase_messaging] AndroidManifest.xml:19:13-37
91            <intent-filter>
91-->[:react-native-firebase_messaging] AndroidManifest.xml:20:13-22:29
92                <action android:name="com.google.firebase.MESSAGING_EVENT" />
92-->[:react-native-firebase_messaging] AndroidManifest.xml:21:17-78
92-->[:react-native-firebase_messaging] AndroidManifest.xml:21:25-75
93            </intent-filter>
94        </service>
95
96        <receiver
96-->[:react-native-firebase_messaging] AndroidManifest.xml:25:9-32:20
97            android:name="io.invertase.firebase.messaging.ReactNativeFirebaseMessagingReceiver"
97-->[:react-native-firebase_messaging] AndroidManifest.xml:26:13-96
98            android:exported="true"
98-->[:react-native-firebase_messaging] AndroidManifest.xml:27:13-36
99            android:permission="com.google.android.c2dm.permission.SEND" >
99-->[:react-native-firebase_messaging] AndroidManifest.xml:28:13-73
100            <intent-filter>
100-->[:react-native-firebase_messaging] AndroidManifest.xml:29:13-31:29
101                <action android:name="com.google.android.c2dm.intent.RECEIVE" />
101-->[:react-native-firebase_messaging] AndroidManifest.xml:30:17-81
101-->[:react-native-firebase_messaging] AndroidManifest.xml:30:25-78
102            </intent-filter>
103        </receiver>
104
105        <meta-data
105-->[:react-native-firebase_messaging] AndroidManifest.xml:34:9-36:36
106            android:name="firebase_messaging_auto_init_enabled"
106-->[:react-native-firebase_messaging] AndroidManifest.xml:35:13-64
107            android:value="true" />
107-->[:react-native-firebase_messaging] AndroidManifest.xml:36:13-33
108        <meta-data
108-->[:react-native-firebase_messaging] AndroidManifest.xml:37:9-39:32
109            android:name="com.google.firebase.messaging.default_notification_channel_id"
109-->[:react-native-firebase_messaging] AndroidManifest.xml:38:13-89
110            android:value="" />
110-->[:react-native-firebase_messaging] AndroidManifest.xml:39:13-29
111        <meta-data
111-->[:react-native-firebase_messaging] AndroidManifest.xml:40:9-42:47
112            android:name="com.google.firebase.messaging.default_notification_color"
112-->[:react-native-firebase_messaging] AndroidManifest.xml:41:13-84
113            android:resource="@color/white" />
113-->[:react-native-firebase_messaging] AndroidManifest.xml:42:13-44
114        <meta-data
114-->[:react-native-firebase_app] AndroidManifest.xml:11:9-13:36
115            android:name="app_data_collection_default_enabled"
115-->[:react-native-firebase_app] AndroidManifest.xml:12:13-63
116            android:value="true" />
116-->[:react-native-firebase_app] AndroidManifest.xml:13:13-33
117
118        <service
118-->[:react-native-firebase_app] AndroidManifest.xml:15:9-23:19
119            android:name="com.google.firebase.components.ComponentDiscoveryService"
119-->[:react-native-firebase_app] AndroidManifest.xml:16:13-84
120            android:directBootAware="true"
120-->[:react-native-firebase_app] AndroidManifest.xml:17:13-43
121            android:exported="false" >
121-->[:react-native-firebase_app] AndroidManifest.xml:18:13-37
122            <meta-data
122-->[:react-native-firebase_app] AndroidManifest.xml:20:13-22:85
123                android:name="com.google.firebase.components:io.invertase.firebase.app.ReactNativeFirebaseAppRegistrar"
123-->[:react-native-firebase_app] AndroidManifest.xml:21:17-120
124                android:value="com.google.firebase.components.ComponentRegistrar" />
124-->[:react-native-firebase_app] AndroidManifest.xml:22:17-82
125            <meta-data
125-->[com.google.firebase:firebase-firestore:24.4.1] AndroidManifest.xml:19:13-21:85
126                android:name="com.google.firebase.components:com.google.firebase.firestore.FirestoreRegistrar"
126-->[com.google.firebase:firebase-firestore:24.4.1] AndroidManifest.xml:20:17-111
127                android:value="com.google.firebase.components.ComponentRegistrar" />
127-->[com.google.firebase:firebase-firestore:24.4.1] AndroidManifest.xml:21:17-82
128            <meta-data
128-->[com.google.firebase:firebase-messaging:23.1.0] AndroidManifest.xml:55:13-57:85
129                android:name="com.google.firebase.components:com.google.firebase.messaging.FirebaseMessagingRegistrar"
129-->[com.google.firebase:firebase-messaging:23.1.0] AndroidManifest.xml:56:17-119
130                android:value="com.google.firebase.components.ComponentRegistrar" />
130-->[com.google.firebase:firebase-messaging:23.1.0] AndroidManifest.xml:57:17-82
131            <meta-data
131-->[com.google.firebase:firebase-datatransport:18.1.7] AndroidManifest.xml:27:13-29:85
132                android:name="com.google.firebase.components:com.google.firebase.datatransport.TransportRegistrar"
132-->[com.google.firebase:firebase-datatransport:18.1.7] AndroidManifest.xml:28:17-115
133                android:value="com.google.firebase.components.ComponentRegistrar" />
133-->[com.google.firebase:firebase-datatransport:18.1.7] AndroidManifest.xml:29:17-82
134            <meta-data
134-->[com.google.firebase:firebase-auth:21.1.0] AndroidManifest.xml:67:13-69:85
135                android:name="com.google.firebase.components:com.google.firebase.auth.FirebaseAuthRegistrar"
135-->[com.google.firebase:firebase-auth:21.1.0] AndroidManifest.xml:68:17-109
136                android:value="com.google.firebase.components.ComponentRegistrar" />
136-->[com.google.firebase:firebase-auth:21.1.0] AndroidManifest.xml:69:17-82
137            <meta-data
137-->[com.google.firebase:firebase-dynamic-links:21.1.0] AndroidManifest.xml:26:13-28:85
138                android:name="com.google.firebase.components:com.google.firebase.dynamiclinks.internal.FirebaseDynamicLinkRegistrar"
138-->[com.google.firebase:firebase-dynamic-links:21.1.0] AndroidManifest.xml:27:17-133
139                android:value="com.google.firebase.components.ComponentRegistrar" />
139-->[com.google.firebase:firebase-dynamic-links:21.1.0] AndroidManifest.xml:28:17-82
140            <meta-data
140-->[com.google.firebase:firebase-storage:20.1.0] AndroidManifest.xml:32:13-34:85
141                android:name="com.google.firebase.components:com.google.firebase.storage.StorageRegistrar"
141-->[com.google.firebase:firebase-storage:20.1.0] AndroidManifest.xml:33:17-107
142                android:value="com.google.firebase.components.ComponentRegistrar" />
142-->[com.google.firebase:firebase-storage:20.1.0] AndroidManifest.xml:34:17-82
143            <meta-data
143-->[com.google.firebase:firebase-database:20.1.0] AndroidManifest.xml:31:13-33:85
144                android:name="com.google.firebase.components:com.google.firebase.database.DatabaseRegistrar"
144-->[com.google.firebase:firebase-database:20.1.0] AndroidManifest.xml:32:17-109
145                android:value="com.google.firebase.components.ComponentRegistrar" />
145-->[com.google.firebase:firebase-database:20.1.0] AndroidManifest.xml:33:17-82
146            <meta-data
146-->[com.google.firebase:firebase-installations:17.1.0] AndroidManifest.xml:17:13-19:85
147                android:name="com.google.firebase.components:com.google.firebase.installations.FirebaseInstallationsRegistrar"
147-->[com.google.firebase:firebase-installations:17.1.0] AndroidManifest.xml:18:17-127
148                android:value="com.google.firebase.components.ComponentRegistrar" />
148-->[com.google.firebase:firebase-installations:17.1.0] AndroidManifest.xml:19:17-82
149        </service>
150
151        <provider
151-->[:react-native-firebase_app] AndroidManifest.xml:25:9-29:38
152            android:name="io.invertase.firebase.app.ReactNativeFirebaseAppInitProvider"
152-->[:react-native-firebase_app] AndroidManifest.xml:26:13-88
153            android:authorities="com.ninasoft.vipbillionaires.reactnativefirebaseappinitprovider"
153-->[:react-native-firebase_app] AndroidManifest.xml:27:13-86
154            android:exported="false"
154-->[:react-native-firebase_app] AndroidManifest.xml:28:13-37
155            android:initOrder="99" />
155-->[:react-native-firebase_app] AndroidManifest.xml:29:13-35
156        <provider
156-->[:react-native-image-crop-picker] AndroidManifest.xml:18:9-26:20
157            android:name="com.reactnative.ivpusic.imagepicker.IvpusicImagePickerFileProvider"
157-->[:react-native-image-crop-picker] AndroidManifest.xml:19:13-94
158            android:authorities="com.ninasoft.vipbillionaires.provider"
158-->[:react-native-image-crop-picker] AndroidManifest.xml:20:13-60
159            android:exported="false"
159-->[:react-native-image-crop-picker] AndroidManifest.xml:21:13-37
160            android:grantUriPermissions="true" >
160-->[:react-native-image-crop-picker] AndroidManifest.xml:22:13-47
161            <meta-data
161-->[:react-native-image-crop-picker] AndroidManifest.xml:23:13-25:78
162                android:name="android.support.FILE_PROVIDER_PATHS"
162-->[:react-native-image-crop-picker] AndroidManifest.xml:24:17-67
163                android:resource="@xml/ivpusic_imagepicker_provider_paths" />
163-->[:react-native-image-crop-picker] AndroidManifest.xml:25:17-75
164        </provider>
165
166        <activity
166-->[:react-native-image-crop-picker] AndroidManifest.xml:28:9-30:72
167            android:name="com.yalantis.ucrop.UCropActivity"
167-->[:react-native-image-crop-picker] AndroidManifest.xml:29:13-60
168            android:theme="@style/Theme.AppCompat.Light.NoActionBar" />
168-->[:react-native-image-crop-picker] AndroidManifest.xml:30:13-69
169
170        <provider
170-->[:react-native-image-picker] AndroidManifest.xml:10:9-18:20
171            android:name="com.imagepicker.ImagePickerProvider"
171-->[:react-native-image-picker] AndroidManifest.xml:11:13-63
172            android:authorities="com.ninasoft.vipbillionaires.imagepickerprovider"
172-->[:react-native-image-picker] AndroidManifest.xml:12:13-71
173            android:exported="false"
173-->[:react-native-image-picker] AndroidManifest.xml:13:13-37
174            android:grantUriPermissions="true" >
174-->[:react-native-image-picker] AndroidManifest.xml:14:13-47
175            <meta-data
175-->[:react-native-image-crop-picker] AndroidManifest.xml:23:13-25:78
176                android:name="android.support.FILE_PROVIDER_PATHS"
176-->[:react-native-image-crop-picker] AndroidManifest.xml:24:17-67
177                android:resource="@xml/imagepicker_provider_paths" />
177-->[:react-native-image-crop-picker] AndroidManifest.xml:25:17-75
178        </provider>
179        <provider
179-->[:react-native-webview] AndroidManifest.xml:10:9-18:20
180            android:name="com.reactnativecommunity.webview.RNCWebViewFileProvider"
180-->[:react-native-webview] AndroidManifest.xml:11:13-83
181            android:authorities="com.ninasoft.vipbillionaires.fileprovider"
181-->[:react-native-webview] AndroidManifest.xml:12:13-64
182            android:exported="false"
182-->[:react-native-webview] AndroidManifest.xml:13:13-37
183            android:grantUriPermissions="true" >
183-->[:react-native-webview] AndroidManifest.xml:14:13-47
184            <meta-data
184-->[:react-native-image-crop-picker] AndroidManifest.xml:23:13-25:78
185                android:name="android.support.FILE_PROVIDER_PATHS"
185-->[:react-native-image-crop-picker] AndroidManifest.xml:24:17-67
186                android:resource="@xml/file_provider_paths" />
186-->[:react-native-image-crop-picker] AndroidManifest.xml:25:17-75
187        </provider>
188        <provider
188-->[:rn-fetch-blob] AndroidManifest.xml:34:9-42:20
189            android:name="com.RNFetchBlob.Utils.FileProvider"
189-->[:rn-fetch-blob] AndroidManifest.xml:35:13-62
190            android:authorities="com.ninasoft.vipbillionaires.provider"
190-->[:rn-fetch-blob] AndroidManifest.xml:36:13-60
191            android:exported="false"
191-->[:rn-fetch-blob] AndroidManifest.xml:37:13-37
192            android:grantUriPermissions="true" >
192-->[:rn-fetch-blob] AndroidManifest.xml:38:13-47
193            <meta-data
193-->[:react-native-image-crop-picker] AndroidManifest.xml:23:13-25:78
194                android:name="android.support.FILE_PROVIDER_PATHS"
194-->[:react-native-image-crop-picker] AndroidManifest.xml:24:17-67
195                android:resource="@xml/provider_paths" />
195-->[:react-native-image-crop-picker] AndroidManifest.xml:25:17-75
196        </provider>
197
198        <receiver
198-->[com.google.firebase:firebase-messaging:23.1.0] AndroidManifest.xml:31:9-38:20
199            android:name="com.google.firebase.iid.FirebaseInstanceIdReceiver"
199-->[com.google.firebase:firebase-messaging:23.1.0] AndroidManifest.xml:32:13-78
200            android:exported="true"
200-->[com.google.firebase:firebase-messaging:23.1.0] AndroidManifest.xml:33:13-36
201            android:permission="com.google.android.c2dm.permission.SEND" >
201-->[com.google.firebase:firebase-messaging:23.1.0] AndroidManifest.xml:34:13-73
202            <intent-filter>
202-->[:react-native-firebase_messaging] AndroidManifest.xml:29:13-31:29
203                <action android:name="com.google.android.c2dm.intent.RECEIVE" />
203-->[:react-native-firebase_messaging] AndroidManifest.xml:30:17-81
203-->[:react-native-firebase_messaging] AndroidManifest.xml:30:25-78
204            </intent-filter>
205        </receiver>
206        <!--
207             FirebaseMessagingService performs security checks at runtime,
208             but set to not exported to explicitly avoid allowing another app to call it.
209        -->
210        <service
210-->[com.google.firebase:firebase-messaging:23.1.0] AndroidManifest.xml:44:9-51:19
211            android:name="com.google.firebase.messaging.FirebaseMessagingService"
211-->[com.google.firebase:firebase-messaging:23.1.0] AndroidManifest.xml:45:13-82
212            android:directBootAware="true"
212-->[com.google.firebase:firebase-messaging:23.1.0] AndroidManifest.xml:46:13-43
213            android:exported="false" >
213-->[com.google.firebase:firebase-messaging:23.1.0] AndroidManifest.xml:47:13-37
214            <intent-filter android:priority="-500" >
214-->[:react-native-firebase_messaging] AndroidManifest.xml:20:13-22:29
215                <action android:name="com.google.firebase.MESSAGING_EVENT" />
215-->[:react-native-firebase_messaging] AndroidManifest.xml:21:17-78
215-->[:react-native-firebase_messaging] AndroidManifest.xml:21:25-75
216            </intent-filter>
217        </service>
218        <service
218-->[com.google.android.datatransport:transport-backend-cct:3.1.8] AndroidManifest.xml:28:9-34:19
219            android:name="com.google.android.datatransport.runtime.backends.TransportBackendDiscovery"
219-->[com.google.android.datatransport:transport-backend-cct:3.1.8] AndroidManifest.xml:29:13-103
220            android:exported="false" >
220-->[com.google.android.datatransport:transport-backend-cct:3.1.8] AndroidManifest.xml:30:13-37
221            <meta-data
221-->[com.google.android.datatransport:transport-backend-cct:3.1.8] AndroidManifest.xml:31:13-33:39
222                android:name="backend:com.google.android.datatransport.cct.CctBackendFactory"
222-->[com.google.android.datatransport:transport-backend-cct:3.1.8] AndroidManifest.xml:32:17-94
223                android:value="cct" />
223-->[com.google.android.datatransport:transport-backend-cct:3.1.8] AndroidManifest.xml:33:17-36
224        </service>
225        <service
225-->[com.google.android.datatransport:transport-runtime:3.1.8] AndroidManifest.xml:26:9-30:19
226            android:name="com.google.android.datatransport.runtime.scheduling.jobscheduling.JobInfoSchedulerService"
226-->[com.google.android.datatransport:transport-runtime:3.1.8] AndroidManifest.xml:27:13-117
227            android:exported="false"
227-->[com.google.android.datatransport:transport-runtime:3.1.8] AndroidManifest.xml:28:13-37
228            android:permission="android.permission.BIND_JOB_SERVICE" >
228-->[com.google.android.datatransport:transport-runtime:3.1.8] AndroidManifest.xml:29:13-69
229        </service>
230
231        <receiver
231-->[com.google.android.datatransport:transport-runtime:3.1.8] AndroidManifest.xml:32:9-34:40
232            android:name="com.google.android.datatransport.runtime.scheduling.jobscheduling.AlarmManagerSchedulerBroadcastReceiver"
232-->[com.google.android.datatransport:transport-runtime:3.1.8] AndroidManifest.xml:33:13-132
233            android:exported="false" />
233-->[com.google.android.datatransport:transport-runtime:3.1.8] AndroidManifest.xml:34:13-37
234
235        <activity
235-->[com.google.android.gms:play-services-auth:20.3.0] AndroidManifest.xml:23:9-27:75
236            android:name="com.google.android.gms.auth.api.signin.internal.SignInHubActivity"
236-->[com.google.android.gms:play-services-auth:20.3.0] AndroidManifest.xml:24:13-93
237            android:excludeFromRecents="true"
237-->[com.google.android.gms:play-services-auth:20.3.0] AndroidManifest.xml:25:13-46
238            android:exported="false"
238-->[com.google.android.gms:play-services-auth:20.3.0] AndroidManifest.xml:26:13-37
239            android:theme="@android:style/Theme.Translucent.NoTitleBar" />
239-->[com.google.android.gms:play-services-auth:20.3.0] AndroidManifest.xml:27:13-72
240        <!--
241            Service handling Google Sign-In user revocation. For apps that do not integrate with
242            Google Sign-In, this service will never be started.
243        -->
244        <service
244-->[com.google.android.gms:play-services-auth:20.3.0] AndroidManifest.xml:33:9-37:51
245            android:name="com.google.android.gms.auth.api.signin.RevocationBoundService"
245-->[com.google.android.gms:play-services-auth:20.3.0] AndroidManifest.xml:34:13-89
246            android:exported="true"
246-->[com.google.android.gms:play-services-auth:20.3.0] AndroidManifest.xml:35:13-36
247            android:permission="com.google.android.gms.auth.api.signin.permission.REVOCATION_NOTIFICATION"
247-->[com.google.android.gms:play-services-auth:20.3.0] AndroidManifest.xml:36:13-107
248            android:visibleToInstantApps="true" />
248-->[com.google.android.gms:play-services-auth:20.3.0] AndroidManifest.xml:37:13-48
249
250        <activity
250-->[com.google.firebase:firebase-auth:21.1.0] AndroidManifest.xml:27:9-44:20
251            android:name="com.google.firebase.auth.internal.GenericIdpActivity"
251-->[com.google.firebase:firebase-auth:21.1.0] AndroidManifest.xml:28:13-80
252            android:excludeFromRecents="true"
252-->[com.google.firebase:firebase-auth:21.1.0] AndroidManifest.xml:29:13-46
253            android:exported="true"
253-->[com.google.firebase:firebase-auth:21.1.0] AndroidManifest.xml:30:13-36
254            android:launchMode="singleTask"
254-->[com.google.firebase:firebase-auth:21.1.0] AndroidManifest.xml:31:13-44
255            android:theme="@android:style/Theme.Translucent.NoTitleBar" >
255-->[com.google.firebase:firebase-auth:21.1.0] AndroidManifest.xml:32:13-72
256            <intent-filter>
256-->[com.google.firebase:firebase-auth:21.1.0] AndroidManifest.xml:33:13-43:29
257                <action android:name="android.intent.action.VIEW" />
257-->src/main/AndroidManifest.xml:32:9-60
257-->src/main/AndroidManifest.xml:32:17-58
258
259                <category android:name="android.intent.category.DEFAULT" />
259-->src/main/AndroidManifest.xml:33:9-67
259-->src/main/AndroidManifest.xml:33:19-65
260                <category android:name="android.intent.category.BROWSABLE" />
260-->src/main/AndroidManifest.xml:34:9-69
260-->src/main/AndroidManifest.xml:34:19-67
261
262                <data
262-->src/main/AndroidManifest.xml:35:9-37:37
263                    android:host="firebase.auth"
263-->src/main/AndroidManifest.xml:36:13-54
264                    android:path="/"
265                    android:scheme="genericidp" />
265-->src/main/AndroidManifest.xml:37:13-35
266            </intent-filter>
267        </activity>
268        <activity
268-->[com.google.firebase:firebase-auth:21.1.0] AndroidManifest.xml:45:9-62:20
269            android:name="com.google.firebase.auth.internal.RecaptchaActivity"
269-->[com.google.firebase:firebase-auth:21.1.0] AndroidManifest.xml:46:13-79
270            android:excludeFromRecents="true"
270-->[com.google.firebase:firebase-auth:21.1.0] AndroidManifest.xml:47:13-46
271            android:exported="true"
271-->[com.google.firebase:firebase-auth:21.1.0] AndroidManifest.xml:48:13-36
272            android:launchMode="singleTask"
272-->[com.google.firebase:firebase-auth:21.1.0] AndroidManifest.xml:49:13-44
273            android:theme="@android:style/Theme.Translucent.NoTitleBar" >
273-->[com.google.firebase:firebase-auth:21.1.0] AndroidManifest.xml:50:13-72
274            <intent-filter>
274-->[com.google.firebase:firebase-auth:21.1.0] AndroidManifest.xml:51:13-61:29
275                <action android:name="android.intent.action.VIEW" />
275-->src/main/AndroidManifest.xml:32:9-60
275-->src/main/AndroidManifest.xml:32:17-58
276
277                <category android:name="android.intent.category.DEFAULT" />
277-->src/main/AndroidManifest.xml:33:9-67
277-->src/main/AndroidManifest.xml:33:19-65
278                <category android:name="android.intent.category.BROWSABLE" />
278-->src/main/AndroidManifest.xml:34:9-69